#
# A fatal error has been detected by the Java Runtime Environment:
#
#  SIGSEGV (0xb) at pc=0xb6f638dc, pid=6618, tid=1740356416
#
# JRE version: Java(TM) SE Runtime Environment (8.0_66-b17) (build 1.8.0_66-b17)
# Java VM: Java HotSpot(TM) Server VM (25.66-b17 mixed mode linux-x86 )
# Problematic frame:
# V  [libjvm.so+0x83f8dc]  Symbol::as_klass_external_name() const+0xc
#
# Failed to write core dump. Core dumps have been disabled. To enable core dumping, try "ulimit -c unlimited" before starting Java again
#
# If you would like to submit a bug report, please visit:
#   http://bugreport.java.com/bugreport/crash.jsp
#

---------------  T H R E A D  ---------------

Current thread (0x686ee000):  JavaThread "Thread-4" [_thread_in_vm, id=6637, stack(0x67b6b000,0x67bbc000)]

siginfo: si_signo: 11 (SIGSEGV), si_code: 1 (SEGV_MAPERR), si_addr: 0x5c280000

Registers:
EAX=0xb702cab2, EBX=0xb70f422c, ECX=0x68b6668c, EDX=0x5c280000
ESP=0x67bbac24, EBP=0x67bbac44, ESI=0x686ee5a0, EDI=0x68b65da2
EIP=0xb6f638dc, EFLAGS=0x00010206, CR2=0x5c280000

Top of Stack: (sp=0x67bbac24)
0x67bbac24:   6aff3e60 686ee5a0 67bbac4c b6e6cb64
0x67bbac34:   00000000 b70f422c 686ee5a0 68b65da2
0x67bbac44:   67bbaca4 b6d4c595 5c280000 b6abbaaf
0x67bbac54:   6aff3e60 00000007 686ee5a0 b6bbeaae
0x67bbac64:   00000002 6aff4800 67bbacec b70f422c
0x67bbac74:   00000063 686ee000 67bbacec b6abc804
0x67bbac84:   67bbacac 6aff4800 00000001 00000001
0x67bbac94:   00000000 b70f422c 686ee5a0 686ee000 

Instructions: (pc=0xb6f638dc)
0xb6f638bc:   7f f5 e9 35 ff ff ff 90 8d b6 00 00 00 00 8d bf
0xb6f638cc:   00 00 00 00 55 89 e5 57 56 53 83 ec 14 8b 55 08
0xb6f638dc:   8b 02 6a 00 89 c6 81 e6 ff ff 00 00 8d 46 01 50
0xb6f638ec:   e8 3f ff f8 ff 8b 4d 08 89 c3 83 c4 10 8b 01 89 

Register to memory mapping:

EAX=0xb702cab2: <offset 0x908ab2> in /usr/lib/jvm/java-8-oracle/jre/lib/i386/server/libjvm.so at 0xb6724000
EBX=0xb70f422c: <offset 0x9d022c> in /usr/lib/jvm/java-8-oracle/jre/lib/i386/server/libjvm.so at 0xb6724000
ECX=0x68b6668c is pointing into metadata
EDX=0x5c280000 is an unknown value
ESP=0x67bbac24 is pointing into the stack for thread: 0x686ee000
EBP=0x67bbac44 is pointing into the stack for thread: 0x686ee000
ESI=0x686ee5a0 is an unknown value
EDI=0x68b65da2 is pointing into metadata


Stack: [0x67b6b000,0x67bbc000],  sp=0x67bbac24,  free space=319k
Native frames: (J=compiled Java code, j=interpreted, Vv=VM code, C=native code)
V  [libjvm.so+0x83f8dc]  Symbol::as_klass_external_name() const+0xc
V  [libjvm.so+0x628595]  Klass::external_name() const+0xf5
V  [libjvm.so+0x4f3722]  InterpreterRuntime::throw_ClassCastException(JavaThread*, oopDesc*)+0x52
j  Index.run()V+180
j  java.lang.Thread.run()V+11
v  ~StubRoutines::call_stub
V  [libjvm.so+0x4fbd3f]  JavaCalls::call_helper(JavaValue*, methodHandle*, JavaCallArguments*, Thread*)+0x101f
V  [libjvm.so+0x74bff9]  os::os_exception_wrapper(void (*)(JavaValue*, methodHandle*, JavaCallArguments*, Thread*), JavaValue*, methodHandle*, JavaCallArguments*, Thread*)+0x19
V  [libjvm.so+0x4fc14c]  JavaCalls::call_virtual(JavaValue*, KlassHandle, Symbol*, Symbol*, JavaCallArguments*, Thread*)+0x25c
V  [libjvm.so+0x4fc58b]  JavaCalls::call_virtual(JavaValue*, Handle, KlassHandle, Symbol*, Symbol*, Thread*)+0x4b
V  [libjvm.so+0x58f050]  thread_entry(JavaThread*, Thread*)+0x90
V  [libjvm.so+0x880b89]  JavaThread::thread_main_inner()+0x109
V  [libjvm.so+0x880d0b]  JavaThread::run()+0x14b
V  [libjvm.so+0x753519]  java_start(Thread*)+0x119
C  [libpthread.so.0+0x6f70]  start_thread+0xd0
C  [libc.so.6+0xebbee]  clone+0x5e

Java frames: (J=compiled Java code, j=interpreted, Vv=VM code)
j  Index.run()V+180
j  java.lang.Thread.run()V+11
v  ~StubRoutines::call_stub

---------------  P R O C E S S  ---------------

Java Threads: ( => current thread )
=>0x686ee000 JavaThread "Thread-4" [_thread_in_vm, id=6637, stack(0x67b6b000,0x67bbc000)]
  0x686e9800 JavaThread "Thread-0" [_thread_in_vm, id=6633, stack(0x67caf000,0x67d00000)]
  0x686aa400 JavaThread "Service Thread" daemon [_thread_blocked, id=6631, stack(0x67ead000,0x67efe000)]
  0x686a7400 JavaThread "C1 CompilerThread2" daemon [_thread_blocked, id=6630, stack(0x67efe000,0x67f7f000)]
  0x686a5c00 JavaThread "C2 CompilerThread1" daemon [_thread_blocked, id=6629, stack(0x67f7f000,0x68000000)]
  0x686a4000 JavaThread "C2 CompilerThread0" daemon [_thread_blocked, id=6628, stack(0x6832e000,0x683af000)]
  0x686a2400 JavaThread "Signal Dispatcher" daemon [_thread_blocked, id=6627, stack(0x683af000,0x68400000)]
  0x68685800 JavaThread "Finalizer" daemon [_thread_blocked, id=6626, stack(0x6852e000,0x6857f000)]
  0x68684000 JavaThread "Reference Handler" daemon [_thread_blocked, id=6625, stack(0x68712000,0x68763000)]
  0xb6507000 JavaThread "main" [_thread_blocked, id=6619, stack(0xb668d000,0xb66de000)]

Other Threads:
  0x68681000 VMThread [stack: 0x6857f000,0x68600000] [id=6624]
  0x686ac000 WatcherThread [stack: 0x67e2c000,0x67ead000] [id=6632]

VM state:not at safepoint (normal execution)

VM Mutex/Monitor currently owned by a thread: None

Heap:
 PSYoungGen      total 301312K, used 183788K [0x932c0000, 0xa67c0000, 0xa7000000)
  eden space 293632K, 60% used [0x932c0000,0x9deec3c8,0xa5180000)
  from space 7680K, 97% used [0xa5fc0000,0xa670ed98,0xa6740000)
  to   space 512K, 0% used [0xa6740000,0xa6740000,0xa67c0000)
 ParOldGen       total 40960K, used 30327K [0x6b800000, 0x6e000000, 0x932c0000)
  object space 40960K, 74% used [0x6b800000,0x6d59dd58,0x6e000000)
 Metaspace       used 2423K, capacity 2472K, committed 2584K, reserved 4400K

Card table byte_map: [0x6b623000,0x6b800000] byte_map_base: 0x6b2c7000

Marking Bits: (ParMarkBitMap*) 0xb7122380
 Begin Bits: [0x69140000, 0x6a020000)
 End Bits:   [0x6a020000, 0x6af00000)

Polling page: 0xb772b000

CodeCache: size=245760Kb used=2644Kb max_used=2658Kb free=243115Kb
 bounds [0xa74e6000, 0xa778e000, 0xb64e6000]
 total_blobs=779 nmethods=617 adapters=77
 compilation: enabled

Compilation events (10 events):
Event: 61.602 Thread 0x686a5c00  616   !   4       java.util.regex.Pattern::matcher (44 bytes)
Event: 61.603 Thread 0x686a4000  617   !   4       sun.util.locale.provider.JRELocaleProviderAdapter::getNumberFormatProvider (56 bytes)
Event: 61.603 Thread 0x686a4000 nmethod 617 0xa7768f48 code [0xa7769040, 0xa77690b0]
Event: 61.610 Thread 0x686a5c00 nmethod 616 0xa776c848 code [0xa776c960, 0xa776cd30]
Event: 61.641 Thread 0x686a4000  618   !   4       java.util.Locale::getDefault (132 bytes)
Event: 61.644 Thread 0x686a4000 nmethod 618 0xa776a3c8 code [0xa776a520, 0xa776a81c]
Event: 61.674 Thread 0x686a5c00  619       4       sun.util.locale.provider.NumberFormatProviderImpl::getInstance (105 bytes)
Event: 61.709 Thread 0x686a5c00 nmethod 619 0xa7775b08 code [0xa7775d00, 0xa77767d0]
Event: 63.516 Thread 0x686a4000  620       4       java.util.Scanner::useLocale (353 bytes)
Event: 63.553 Thread 0x686a4000 nmethod 620 0xa7784348 code [0xa7784580, 0xa77852c4]

GC Heap History (10 events):
Event: 16.172 GC heap before
{Heap before GC invocations=9 (full 0):
 PSYoungGen      total 130560K, used 127368K [0x932c0000, 0x9bac0000, 0xa7000000)
  eden space 122880K, 100% used [0x932c0000,0x9aac0000,0x9aac0000)
  from space 7680K, 58% used [0x9b340000,0x9b7a2010,0x9bac0000)
  to   space 8192K, 0% used [0x9aac0000,0x9aac0000,0x9b2c0000)
 ParOldGen       total 40960K, used 14115K [0x6b800000, 0x6e000000, 0x932c0000)
  object space 40960K, 34% used [0x6b800000,0x6c5c8ff8,0x6e000000)
 Metaspace       used 2423K, capacity 2472K, committed 2584K, reserved 4400K
Event: 16.185 GC heap after
Heap after GC invocations=9 (full 0):
 PSYoungGen      total 131072K, used 5960K [0x932c0000, 0xa0340000, 0xa7000000)
  eden space 122880K, 0% used [0x932c0000,0x932c0000,0x9aac0000)
  from space 8192K, 72% used [0x9aac0000,0x9b092010,0x9b2c0000)
  to   space 8448K, 0% used [0x9fb00000,0x9fb00000,0xa0340000)
 ParOldGen       total 40960K, used 15451K [0x6b800000, 0x6e000000, 0x932c0000)
  object space 40960K, 37% used [0x6b800000,0x6c716ff8,0x6e000000)
 Metaspace       used 2423K, capacity 2472K, committed 2584K, reserved 4400K
}
Event: 20.016 GC heap before
{Heap before GC invocations=10 (full 0):
 PSYoungGen      total 131072K, used 128840K [0x932c0000, 0xa0340000, 0xa7000000)
  eden space 122880K, 100% used [0x932c0000,0x9aac0000,0x9aac0000)
  from space 8192K, 72% used [0x9aac0000,0x9b092010,0x9b2c0000)
  to   space 8448K, 0% used [0x9fb00000,0x9fb00000,0xa0340000)
 ParOldGen       total 40960K, used 15451K [0x6b800000, 0x6e000000, 0x932c0000)
  object space 40960K, 37% used [0x6b800000,0x6c716ff8,0x6e000000)
 Metaspace       used 2423K, capacity 2472K, committed 2584K, reserved 4400K
Event: 20.035 GC heap after
Heap after GC invocations=10 (full 0):
 PSYoungGen      total 205056K, used 5929K [0x932c0000, 0xa0340000, 0xa7000000)
  eden space 196608K, 0% used [0x932c0000,0x932c0000,0x9f2c0000)
  from space 8448K, 70% used [0x9fb00000,0xa00ca4b0,0xa0340000)
  to   space 8448K, 0% used [0x9f2c0000,0x9f2c0000,0x9fb00000)
 ParOldGen       total 40960K, used 18035K [0x6b800000, 0x6e000000, 0x932c0000)
  object space 40960K, 44% used [0x6b800000,0x6c99cff8,0x6e000000)
 Metaspace       used 2423K, capacity 2472K, committed 2584K, reserved 4400K
}
Event: 28.804 GC heap before
{Heap before GC invocations=11 (full 0):
 PSYoungGen      total 205056K, used 202537K [0x932c0000, 0xa0340000, 0xa7000000)
  eden space 196608K, 100% used [0x932c0000,0x9f2c0000,0x9f2c0000)
  from space 8448K, 70% used [0x9fb00000,0xa00ca4b0,0xa0340000)
  to   space 8448K, 0% used [0x9f2c0000,0x9f2c0000,0x9fb00000)
 ParOldGen       total 40960K, used 18035K [0x6b800000, 0x6e000000, 0x932c0000)
  object space 40960K, 44% used [0x6b800000,0x6c99cff8,0x6e000000)
 Metaspace       used 2423K, capacity 2472K, committed 2584K, reserved 4400K
Event: 28.827 GC heap after
Heap after GC invocations=11 (full 0):
 PSYoungGen      total 205056K, used 4830K [0x932c0000, 0xa6f80000, 0xa7000000)
  eden space 196608K, 0% used [0x932c0000,0x932c0000,0x9f2c0000)
  from space 8448K, 57% used [0x9f2c0000,0x9f777b90,0x9fb00000)
  to   space 8192K, 0% used [0xa6780000,0xa6780000,0xa6f80000)
 ParOldGen       total 40960K, used 22867K [0x6b800000, 0x6e000000, 0x932c0000)
  object space 40960K, 55% used [0x6b800000,0x6ce54c08,0x6e000000)
 Metaspace       used 2423K, capacity 2472K, committed 2584K, reserved 4400K
}
Event: 37.772 GC heap before
{Heap before GC invocations=12 (full 0):
 PSYoungGen      total 205056K, used 201438K [0x932c0000, 0xa6f80000, 0xa7000000)
  eden space 196608K, 100% used [0x932c0000,0x9f2c0000,0x9f2c0000)
  from space 8448K, 57% used [0x9f2c0000,0x9f777b90,0x9fb00000)
  to   space 8192K, 0% used [0xa6780000,0xa6780000,0xa6f80000)
 ParOldGen       total 40960K, used 22867K [0x6b800000, 0x6e000000, 0x932c0000)
  object space 40960K, 55% used [0x6b800000,0x6ce54c08,0x6e000000)
 Metaspace       used 2423K, capacity 2472K, committed 2584K, reserved 4400K
Event: 37.796 GC heap after
Heap after GC invocations=12 (full 0):
 PSYoungGen      total 316160K, used 4924K [0x932c0000, 0xa6f40000, 0xa7000000)
  eden space 308224K, 0% used [0x932c0000,0x932c0000,0xa5fc0000)
  from space 7936K, 62% used [0xa6780000,0xa6c4f340,0xa6f40000)
  to   space 7936K, 0% used [0xa5fc0000,0xa5fc0000,0xa6780000)
 ParOldGen       total 40960K, used 26664K [0x6b800000, 0x6e000000, 0x932c0000)
  object space 40960K, 65% used [0x6b800000,0x6d20a218,0x6e000000)
 Metaspace       used 2423K, capacity 2472K, committed 2584K, reserved 4400K
}
Event: 53.783 GC heap before
{Heap before GC invocations=13 (full 0):
 PSYoungGen      total 316160K, used 313148K [0x932c0000, 0xa6f40000, 0xa7000000)
  eden space 308224K, 100% used [0x932c0000,0xa5fc0000,0xa5fc0000)
  from space 7936K, 62% used [0xa6780000,0xa6c4f340,0xa6f40000)
  to   space 7936K, 0% used [0xa5fc0000,0xa5fc0000,0xa6780000)
 ParOldGen       total 40960K, used 26664K [0x6b800000, 0x6e000000, 0x932c0000)
  object space 40960K, 65% used [0x6b800000,0x6d20a218,0x6e000000)
 Metaspace       used 2423K, capacity 2472K, committed 2584K, reserved 4400K
Event: 53.813 GC heap after
Heap after GC invocations=13 (full 0):
 PSYoungGen      total 301312K, used 7483K [0x932c0000, 0xa67c0000, 0xa7000000)
  eden space 293632K, 0% used [0x932c0000,0x932c0000,0xa5180000)
  from space 7680K, 97% used [0xa5fc0000,0xa670ed98,0xa6740000)
  to   space 512K, 0% used [0xa6740000,0xa6740000,0xa67c0000)
 ParOldGen       total 40960K, used 30327K [0x6b800000, 0x6e000000, 0x932c0000)
  object space 40960K, 74% used [0x6b800000,0x6d59dd58,0x6e000000)
 Metaspace       used 2423K, capacity 2472K, committed 2584K, reserved 4400K
}

Deoptimization events (8 events):
Event: 11.330 Thread 0xb6507000 Uncommon trap: reason=unstable_if action=reinterpret pc=0xa75aea7c method=java.lang.ThreadLocal$ThreadLocalMap.getEntry(Ljava/lang/ThreadLocal;)Ljava/lang/ThreadLocal$ThreadLocalMap$Entry; @ 21
Event: 11.404 Thread 0x686e9800 Uncommon trap: reason=unstable_if action=reinterpret pc=0xa75e8848 method=java.lang.CharacterDataLatin1.toLowerCase(I)I @ 12
Event: 11.439 Thread 0x686ee000 Uncommon trap: reason=unstable_if action=reinterpret pc=0xa76012c4 method=java.lang.CharacterDataLatin1.toLowerCase(I)I @ 12
Event: 11.550 Thread 0x686ee000 Uncommon trap: reason=unstable_if action=reinterpret pc=0xa7615fac method=java.lang.CharacterDataLatin1.toUpperCase(I)I @ 12
Event: 11.550 Thread 0x686ee000 Uncommon trap: reason=unstable_if action=reinterpret pc=0xa75fe960 method=java.lang.CharacterDataLatin1.toUpperCase(I)I @ 12
Event: 12.121 Thread 0x686ee000 Uncommon trap: reason=unstable_if action=reinterpret pc=0xa7670770 method=java.lang.CharacterDataLatin1.toUpperCase(I)I @ 12
Event: 12.365 Thread 0x686e9800 Uncommon trap: reason=unstable_if action=reinterpret pc=0xa7670770 method=java.lang.CharacterDataLatin1.toUpperCase(I)I @ 12
Event: 64.436 Thread 0x686ee000 Uncommon trap: reason=class_check action=maybe_recompile pc=0xa76b8680 method=Index.run()V @ 180

Internal exceptions (7 events):
Event: 0.032 Thread 0xb6507000 Exception <a 'java/lang/NoSuchMethodError': Method sun.misc.Unsafe.defineClass(Ljava/lang/String;[BII)Ljava/lang/Class; name or signature does not match> (0x932d0540) thrown at [/HUDSON/workspace/8-2-build-linux-i586/jdk8u66/4988/hotspot/src/share/vm/prim
Event: 0.032 Thread 0xb6507000 Exception <a 'java/lang/NoSuchMethodError': Method sun.misc.Unsafe.prefetchRead(Ljava/lang/Object;J)V name or signature does not match> (0x932d0810) thrown at [/HUDSON/workspace/8-2-build-linux-i586/jdk8u66/4988/hotspot/src/share/vm/prims/jni.cpp, line 39
Event: 0.077 Thread 0xb6507000 Exception <a 'java/security/PrivilegedActionException'> (0x93386630) thrown at [/HUDSON/workspace/8-2-build-linux-i586/jdk8u66/4988/hotspot/src/share/vm/prims/jvm.cpp, line 1386]
Event: 0.077 Thread 0xb6507000 Exception <a 'java/security/PrivilegedActionException'> (0x93386a10) thrown at [/HUDSON/workspace/8-2-build-linux-i586/jdk8u66/4988/hotspot/src/share/vm/prims/jvm.cpp, line 1386]
Event: 0.077 Thread 0xb6507000 Exception <a 'java/security/PrivilegedActionException'> (0x93388dd0) thrown at [/HUDSON/workspace/8-2-build-linux-i586/jdk8u66/4988/hotspot/src/share/vm/prims/jvm.cpp, line 1386]
Event: 0.077 Thread 0xb6507000 Exception <a 'java/security/PrivilegedActionException'> (0x933891b0) thrown at [/HUDSON/workspace/8-2-build-linux-i586/jdk8u66/4988/hotspot/src/share/vm/prims/jvm.cpp, line 1386]
Event: 11.330 Thread 0xb6507000 Implicit null exception at 0xa75ae9e0 to 0xa75aea61

Events (10 events):
Event: 24.457 Thread 0x686a4000 flushing nmethod 0xa758e348
Event: 28.804 Executing VM operation: ParallelGCFailedAllocation
Event: 28.827 Executing VM operation: ParallelGCFailedAllocation done
Event: 37.772 Executing VM operation: ParallelGCFailedAllocation
Event: 37.796 Executing VM operation: ParallelGCFailedAllocation done
Event: 53.783 Executing VM operation: ParallelGCFailedAllocation
Event: 53.813 Executing VM operation: ParallelGCFailedAllocation done
Event: 64.436 Thread 0x686ee000 Uncommon trap: trap_request=0xffffffde fr.pc=0xa76b8680
Event: 64.436 Thread 0x686ee000 DEOPT PACKING pc=0xa76b8680 sp=0x67bbacf0
Event: 64.436 Thread 0x686ee000 DEOPT UNPACKING pc=0xa7520e55 sp=0x67bbacf4 mode 2


Dynamic libraries:
08048000-08049000 r-xp 00000000 08:07 1763526    /usr/lib/jvm/java-8-oracle/jre/bin/java
08049000-0804a000 rw-p 00000000 08:07 1763526    /usr/lib/jvm/java-8-oracle/jre/bin/java
091d0000-09287000 rw-p 00000000 00:00 0          [heap]
66a65000-66c00000 rw-p 00000000 00:00 0 
66c00000-66c22000 rw-p 00000000 00:00 0 
66c22000-66d00000 ---p 00000000 00:00 0 
66e00000-66f00000 rw-p 00000000 00:00 0 
66f00000-66ff9000 rw-p 00000000 00:00 0 
66ff9000-67000000 ---p 00000000 00:00 0 
67000000-670fc000 rw-p 00000000 00:00 0 
670fc000-67100000 ---p 00000000 00:00 0 
67200000-672fb000 rw-p 00000000 00:00 0 
672fb000-67300000 ---p 00000000 00:00 0 
6734a000-67400000 rw-p 00000000 00:00 0 
67400000-674f8000 rw-p 00000000 00:00 0 
674f8000-67500000 ---p 00000000 00:00 0 
67500000-675fb000 rw-p 00000000 00:00 0 
675fb000-67600000 ---p 00000000 00:00 0 
67600000-67700000 rw-p 00000000 00:00 0 
67700000-67800000 rw-p 00000000 00:00 0 
67800000-678fd000 rw-p 00000000 00:00 0 
678fd000-67900000 ---p 00000000 00:00 0 
67900000-679fe000 rw-p 00000000 00:00 0 
679fe000-67a00000 ---p 00000000 00:00 0 
67a00000-67b00000 rw-p 00000000 00:00 0 
67b6b000-67b6e000 ---p 00000000 00:00 0 
67b6e000-67bbc000 rw-p 00000000 00:00 0          [stack:6637]
67bbc000-67bbf000 ---p 00000000 00:00 0 
67bbf000-67c0d000 rw-p 00000000 00:00 0 
67c0d000-67c10000 ---p 00000000 00:00 0 
67c10000-67c5e000 rw-p 00000000 00:00 0 
67c5e000-67c61000 ---p 00000000 00:00 0 
67c61000-67caf000 rw-p 00000000 00:00 0 
67caf000-67cb2000 ---p 00000000 00:00 0 
67cb2000-67d00000 rw-p 00000000 00:00 0          [stack:6633]
67d00000-67d6d000 rw-p 00000000 00:00 0 
67d6d000-67e00000 ---p 00000000 00:00 0 
67e2c000-67e2d000 ---p 00000000 00:00 0 
67e2d000-67ead000 rw-p 00000000 00:00 0 
67ead000-67eb0000 ---p 00000000 00:00 0 
67eb0000-67efe000 rw-p 00000000 00:00 0          [stack:6631]
67efe000-67f01000 ---p 00000000 00:00 0 
67f01000-67f7f000 rw-p 00000000 00:00 0          [stack:6630]
67f7f000-67f82000 ---p 00000000 00:00 0 
67f82000-68000000 rw-p 00000000 00:00 0          [stack:6629]
68000000-68200000 r--p 00000000 08:07 1712476    /usr/lib/locale/locale-archive
68200000-68221000 rw-p 00000000 00:00 0 
68221000-68300000 ---p 00000000 00:00 0 
6832e000-68331000 ---p 00000000 00:00 0 
68331000-683af000 rw-p 00000000 00:00 0          [stack:6628]
683af000-683b2000 ---p 00000000 00:00 0 
683b2000-68400000 rw-p 00000000 00:00 0          [stack:6627]
68400000-684fa000 rw-p 00000000 00:00 0 
684fa000-68500000 ---p 00000000 00:00 0 
6852e000-68531000 ---p 00000000 00:00 0 
68531000-6857f000 rw-p 00000000 00:00 0          [stack:6626]
6857f000-68580000 ---p 00000000 00:00 0 
68580000-68600000 rw-p 00000000 00:00 0          [stack:6624]
68600000-686f2000 rw-p 00000000 00:00 0 
686f2000-68700000 ---p 00000000 00:00 0 
68712000-68715000 ---p 00000000 00:00 0 
68715000-68763000 rw-p 00000000 00:00 0          [stack:6625]
68763000-6893c000 r--s 03d20000 08:07 1763270    /usr/lib/jvm/java-8-oracle/jre/lib/rt.jar
6893c000-68bc2000 rw-p 00000000 00:00 0 
68bc2000-68d88000 ---p 00000000 00:00 0 
68d88000-6af00000 rw-p 00000000 00:00 0 
6af00000-6affa000 rw-p 00000000 00:00 0 
6affa000-6b000000 ---p 00000000 00:00 0 
6b01a000-6b02f000 r-xp 00000000 08:07 1763327    /usr/lib/jvm/java-8-oracle/jre/lib/i386/libnet.so
6b02f000-6b030000 rw-p 00015000 08:07 1763327    /usr/lib/jvm/java-8-oracle/jre/lib/i386/libnet.so
6b030000-6b07f000 rw-p 00000000 00:00 0 
6b07f000-6b080000 ---p 00000000 00:00 0 
6b080000-6b100000 rw-p 00000000 00:00 0          [stack:6623]
6b100000-6b121000 rw-p 00000000 00:00 0 
6b121000-6b200000 ---p 00000000 00:00 0 
6b200000-6b300000 rw-p 00000000 00:00 0 
6b300000-6b321000 rw-p 00000000 00:00 0 
6b321000-6b400000 ---p 00000000 00:00 0 
6b409000-6b464000 rw-p 00000000 00:00 0 
6b464000-6b465000 ---p 00000000 00:00 0 
6b465000-6b4f9000 rw-p 00000000 00:00 0          [stack:6622]
6b4f9000-6b623000 ---p 00000000 00:00 0 
6b623000-6b637000 rw-p 00000000 00:00 0 
6b637000-6b760000 ---p 00000000 00:00 0 
6b760000-6b7fb000 rw-p 00000000 00:00 0 
6b7fb000-6b7ff000 ---p 00000000 00:00 0 
6b7ff000-6e000000 rw-p 00000000 00:00 0 
6e000000-932c0000 ---p 00000000 00:00 0 
932c0000-a67c0000 rw-p 00000000 00:00 0 
a67c0000-a7000000 ---p 00000000 00:00 0 
a700d000-a7024000 rw-p 00000000 00:00 0 
a7024000-a7025000 ---p 00000000 00:00 0 
a7025000-a70a5000 rw-p 00000000 00:00 0          [stack:6621]
a70a5000-a70a6000 ---p 00000000 00:00 0 
a70a6000-a7131000 rw-p 00000000 00:00 0          [stack:6620]
a7131000-a74e6000 ---p 00000000 00:00 0 
a74e6000-a778e000 rwxp 00000000 00:00 0 
a778e000-b64e6000 ---p 00000000 00:00 0 
b64e6000-b64ff000 r-xp 00000000 08:07 1763294    /usr/lib/jvm/java-8-oracle/jre/lib/i386/libzip.so
b64ff000-b6500000 rw-p 00019000 08:07 1763294    /usr/lib/jvm/java-8-oracle/jre/lib/i386/libzip.so
b6500000-b65fb000 rw-p 00000000 00:00 0 
b65fb000-b6600000 ---p 00000000 00:00 0 
b6611000-b661c000 r-xp 00000000 08:07 3678791    /lib/i386-linux-gnu/libnss_files-2.19.so
b661c000-b661d000 r--p 0000a000 08:07 3678791    /lib/i386-linux-gnu/libnss_files-2.19.so
b661d000-b661e000 rw-p 0000b000 08:07 3678791    /lib/i386-linux-gnu/libnss_files-2.19.so
b661e000-b6628000 r-xp 00000000 08:07 3678777    /lib/i386-linux-gnu/libnss_nis-2.19.so
b6628000-b6629000 r--p 00009000 08:07 3678777    /lib/i386-linux-gnu/libnss_nis-2.19.so
b6629000-b662a000 rw-p 0000a000 08:07 3678777    /lib/i386-linux-gnu/libnss_nis-2.19.so
b662a000-b663f000 r-xp 00000000 08:07 3678778    /lib/i386-linux-gnu/libnsl-2.19.so
b663f000-b6640000 r--p 00015000 08:07 3678778    /lib/i386-linux-gnu/libnsl-2.19.so
b6640000-b6641000 rw-p 00016000 08:07 3678778    /lib/i386-linux-gnu/libnsl-2.19.so
b6641000-b6643000 rw-p 00000000 00:00 0 
b6647000-b6656000 r-xp 00000000 08:07 1763309    /usr/lib/jvm/java-8-oracle/jre/lib/i386/libnio.so
b6656000-b6657000 rw-p 0000e000 08:07 1763309    /usr/lib/jvm/java-8-oracle/jre/lib/i386/libnio.so
b6657000-b665f000 rw-s 00000000 08:07 4991026    /tmp/hsperfdata_vivek/6618
b665f000-b6683000 r-xp 00000000 08:07 1763324    /usr/lib/jvm/java-8-oracle/jre/lib/i386/libjava.so
b6683000-b6684000 rw-p 00023000 08:07 1763324    /usr/lib/jvm/java-8-oracle/jre/lib/i386/libjava.so
b6684000-b668b000 r-xp 00000000 08:07 3678792    /lib/i386-linux-gnu/librt-2.19.so
b668b000-b668c000 r--p 00006000 08:07 3678792    /lib/i386-linux-gnu/librt-2.19.so
b668c000-b668d000 rw-p 00007000 08:07 3678792    /lib/i386-linux-gnu/librt-2.19.so
b668d000-b6690000 ---p 00000000 00:00 0 
b6690000-b66de000 rw-p 00000000 00:00 0          [stack:6619]
b66de000-b6722000 r-xp 00000000 08:07 3678782    /lib/i386-linux-gnu/libm-2.19.so
b6722000-b6723000 r--p 00043000 08:07 3678782    /lib/i386-linux-gnu/libm-2.19.so
b6723000-b6724000 rw-p 00044000 08:07 3678782    /lib/i386-linux-gnu/libm-2.19.so
b6724000-b70a4000 r-xp 00000000 08:07 1763338    /usr/lib/jvm/java-8-oracle/jre/lib/i386/server/libjvm.so
b70a4000-b7111000 rw-p 00980000 08:07 1763338    /usr/lib/jvm/java-8-oracle/jre/lib/i386/server/libjvm.so
b7111000-b7537000 rw-p 00000000 00:00 0 
b7537000-b76df000 r-xp 00000000 08:07 3678774    /lib/i386-linux-gnu/libc-2.19.so
b76df000-b76e1000 r--p 001a8000 08:07 3678774    /lib/i386-linux-gnu/libc-2.19.so
b76e1000-b76e2000 rw-p 001aa000 08:07 3678774    /lib/i386-linux-gnu/libc-2.19.so
b76e2000-b76e5000 rw-p 00000000 00:00 0 
b76e5000-b76e8000 r-xp 00000000 08:07 3678775    /lib/i386-linux-gnu/libdl-2.19.so
b76e8000-b76e9000 r--p 00002000 08:07 3678775    /lib/i386-linux-gnu/libdl-2.19.so
b76e9000-b76ea000 rw-p 00003000 08:07 3678775    /lib/i386-linux-gnu/libdl-2.19.so
b76ea000-b76eb000 rw-p 00000000 00:00 0 
b76eb000-b76ff000 r-xp 00000000 08:07 1763283    /usr/lib/jvm/java-8-oracle/jre/lib/i386/jli/libjli.so
b76ff000-b7700000 rw-p 00014000 08:07 1763283    /usr/lib/jvm/java-8-oracle/jre/lib/i386/jli/libjli.so
b7700000-b7718000 r-xp 00000000 08:07 3678787    /lib/i386-linux-gnu/libpthread-2.19.so
b7718000-b7719000 r--p 00018000 08:07 3678787    /lib/i386-linux-gnu/libpthread-2.19.so
b7719000-b771a000 rw-p 00019000 08:07 3678787    /lib/i386-linux-gnu/libpthread-2.19.so
b771a000-b771c000 rw-p 00000000 00:00 0 
b771e000-b7720000 rw-p 00000000 00:00 0 
b7720000-b7721000 r--p 00850000 08:07 1712476    /usr/lib/locale/locale-archive
b7721000-b7728000 r-xp 00000000 08:07 3678783    /lib/i386-linux-gnu/libnss_compat-2.19.so
b7728000-b7729000 r--p 00006000 08:07 3678783    /lib/i386-linux-gnu/libnss_compat-2.19.so
b7729000-b772a000 rw-p 00007000 08:07 3678783    /lib/i386-linux-gnu/libnss_compat-2.19.so
b772a000-b772b000 rw-p 00000000 00:00 0 
b772b000-b772c000 r--p 00000000 00:00 0 
b772c000-b7737000 r-xp 00000000 08:07 1763276    /usr/lib/jvm/java-8-oracle/jre/lib/i386/libverify.so
b7737000-b7738000 rw-p 0000b000 08:07 1763276    /usr/lib/jvm/java-8-oracle/jre/lib/i386/libverify.so
b7738000-b773a000 rw-p 00000000 00:00 0 
b773a000-b773b000 r-xp 00000000 00:00 0          [vdso]
b773b000-b775b000 r-xp 00000000 08:07 3678776    /lib/i386-linux-gnu/ld-2.19.so
b775b000-b775c000 r--p 0001f000 08:07 3678776    /lib/i386-linux-gnu/ld-2.19.so
b775c000-b775d000 rw-p 00020000 08:07 3678776    /lib/i386-linux-gnu/ld-2.19.so
bf7db000-bf7dc000 rwxp 00000000 00:00 0 
bf80e000-bf82f000 rw-p 00000000 00:00 0          [stack]

VM Arguments:
java_command: DRelevance
java_class_path (initial): .
Launcher Type: SUN_STANDARD

Environment Variables:
PATH=/usr/local/sbin:/usr/local/bin:/usr/sbin:/usr/bin:/sbin:/bin:/usr/games:/usr/local/games
SHELL=/bin/bash
DISPLAY=:0

Signal Handlers:
SIGSEGV: [libjvm.so+0x8cdc10], sa_mask[0]=11111111011111111101111111111110, sa_flags=SA_RESTART|SA_SIGINFO
SIGBUS: [libjvm.so+0x8cdc10], sa_mask[0]=11111111011111111101111111111110, sa_flags=SA_RESTART|SA_SIGINFO
SIGFPE: [libjvm.so+0x74dbb0], sa_mask[0]=11111111011111111101111111111110, sa_flags=SA_RESTART|SA_SIGINFO
SIGPIPE: [libjvm.so+0x74dbb0], sa_mask[0]=11111111011111111101111111111110, sa_flags=SA_RESTART|SA_SIGINFO
SIGXFSZ: [libjvm.so+0x74dbb0], sa_mask[0]=11111111011111111101111111111110, sa_flags=SA_RESTART|SA_SIGINFO
SIGILL: [libjvm.so+0x74dbb0], sa_mask[0]=11111111011111111101111111111110, sa_flags=SA_RESTART|SA_SIGINFO
SIGUSR1: SIG_DFL, sa_mask[0]=00000000000000000000000000000000, sa_flags=none
SIGUSR2: [libjvm.so+0x74f230], sa_mask[0]=00000000000000000000000000000000, sa_flags=SA_RESTART|SA_SIGINFO
SIGHUP: [libjvm.so+0x7506e0], sa_mask[0]=11111111011111111101111111111110, sa_flags=SA_RESTART|SA_SIGINFO
SIGINT: [libjvm.so+0x7506e0], sa_mask[0]=11111111011111111101111111111110, sa_flags=SA_RESTART|SA_SIGINFO
SIGTERM: [libjvm.so+0x7506e0], sa_mask[0]=11111111011111111101111111111110, sa_flags=SA_RESTART|SA_SIGINFO
SIGQUIT: [libjvm.so+0x7506e0], sa_mask[0]=11111111011111111101111111111110, sa_flags=SA_RESTART|SA_SIGINFO


---------------  S Y S T E M  ---------------

OS:DISTRIB_ID=Ubuntu
DISTRIB_RELEASE=14.04
DISTRIB_CODENAME=trusty
DISTRIB_DESCRIPTION="Ubuntu 14.04.2 LTS"

uname:Linux 3.13.0-48-generic #80-Ubuntu SMP Thu Mar 12 11:16:18 UTC 2015 i686
libc:glibc 2.19 NPTL 2.19 
rlimit: STACK 8192k, CORE 0k, NPROC 30276, NOFILE 4096, AS infinity
load average:1.73 1.06 2.13

/proc/meminfo:
MemTotal:        3894584 kB
MemFree:          934412 kB
Buffers:          291728 kB
Cached:          1452912 kB
SwapCached:            0 kB
Active:          1561824 kB
Inactive:        1131216 kB
Active(anon):     950520 kB
Inactive(anon):   288968 kB
Active(file):     611304 kB
Inactive(file):   842248 kB
Unevictable:          32 kB
Mlocked:              32 kB
HighTotal:       3050184 kB
HighFree:         794856 kB
LowTotal:         844400 kB
LowFree:          139556 kB
SwapTotal:             0 kB
SwapFree:              0 kB
Dirty:              9904 kB
Writeback:             0 kB
AnonPages:        972924 kB
Mapped:           174980 kB
Shmem:            291112 kB
Slab:             201840 kB
SReclaimable:     178464 kB
SUnreclaim:        23376 kB
KernelStack:        3512 kB
PageTables:        10720 kB
NFS_Unstable:          0 kB
Bounce:               68 kB
WritebackTmp:          0 kB
CommitLimit:     1947292 kB
Committed_AS:    4298704 kB
VmallocTotal:     122880 kB
VmallocUsed:       18448 kB
VmallocChunk:      98360 kB
HardwareCorrupted:     0 kB
AnonHugePages:    649216 kB
HugePages_Total:       0
HugePages_Free:        0
HugePages_Rsvd:        0
HugePages_Surp:        0
Hugepagesize:       2048 kB
DirectMap4k:       30712 kB
DirectMap2M:      882688 kB


CPU:total 4 (2 cores per cpu, 2 threads per core) family 6 model 69 stepping 1, cmov, cx8, fxsr, mmx, sse, sse2, sse3, ssse3, sse4.1, sse4.2, popcnt, avx, avx2, aes, clmul, erms, lzcnt, ht, tsc, tscinvbit, bmi1, bmi2

/proc/cpuinfo:
processor	: 0
vendor_id	: GenuineIntel
cpu family	: 6
model		: 69
model name	: Intel(R) Core(TM) i5-4200U CPU @ 1.60GHz
stepping	: 1
microcode	: 0x16
cpu MHz		: 1600.000
cache size	: 3072 KB
physical id	: 0
siblings	: 4
core id		: 0
cpu cores	: 2
apicid		: 0
initial apicid	: 0
fdiv_bug	: no
f00f_bug	: no
coma_bug	: no
fpu		: yes
fpu_exception	: yes
cpuid level	: 13
wp		: yes
flags		: fpu vme de pse tsc msr pae mce cx8 apic sep mtrr pge mca cmov pat pse36 clflush dts acpi mmx fxsr sse sse2 ss ht tm pbe nx pdpe1gb rdtscp lm constant_tsc arch_perfmon pebs bts xtopology nonstop_tsc aperfmperf eagerfpu pni pclmulqdq dtes64 monitor ds_cpl vmx est tm2 ssse3 fma cx16 xtpr pdcm pcid sse4_1 sse4_2 movbe popcnt tsc_deadline_timer aes xsave avx f16c rdrand lahf_lm abm ida arat epb xsaveopt pln pts dtherm tpr_shadow vnmi flexpriority ept vpid fsgsbase tsc_adjust bmi1 avx2 smep bmi2 erms invpcid
bogomips	: 4589.27
clflush size	: 64
cache_alignment	: 64
address sizes	: 39 bits physical, 48 bits virtual
power management:

processor	: 1
vendor_id	: GenuineIntel
cpu family	: 6
model		: 69
model name	: Intel(R) Core(TM) i5-4200U CPU @ 1.60GHz
stepping	: 1
microcode	: 0x16
cpu MHz		: 1600.000
cache size	: 3072 KB
physical id	: 0
siblings	: 4
core id		: 0
cpu cores	: 2
apicid		: 1
initial apicid	: 1
fdiv_bug	: no
f00f_bug	: no
coma_bug	: no
fpu		: yes
fpu_exception	: yes
cpuid level	: 13
wp		: yes
flags		: fpu vme de pse tsc msr pae mce cx8 apic sep mtrr pge mca cmov pat pse36 clflush dts acpi mmx fxsr sse sse2 ss ht tm pbe nx pdpe1gb rdtscp lm constant_tsc arch_perfmon pebs bts xtopology nonstop_tsc aperfmperf eagerfpu pni pclmulqdq dtes64 monitor ds_cpl vmx est tm2 ssse3 fma cx16 xtpr pdcm pcid sse4_1 sse4_2 movbe popcnt tsc_deadline_timer aes xsave avx f16c rdrand lahf_lm abm ida arat epb xsaveopt pln pts dtherm tpr_shadow vnmi flexpriority ept vpid fsgsbase tsc_adjust bmi1 avx2 smep bmi2 erms invpcid
bogomips	: 4589.27
clflush size	: 64
cache_alignment	: 64
address sizes	: 39 bits physical, 48 bits virtual
power management:

processor	: 2
vendor_id	: GenuineIntel
cpu family	: 6
model		: 69
model name	: Intel(R) Core(TM) i5-4200U CPU @ 1.60GHz
stepping	: 1
microcode	: 0x16
cpu MHz		: 759.000
cache size	: 3072 KB
physical id	: 0
siblings	: 4
core id		: 1
cpu cores	: 2
apicid		: 2
initial apicid	: 2
fdiv_bug	: no
f00f_bug	: no
coma_bug	: no
fpu		: yes
fpu_exception	: yes
cpuid level	: 13
wp		: yes
flags		: fpu vme de pse tsc msr pae mce cx8 apic sep mtrr pge mca cmov pat pse36 clflush dts acpi mmx fxsr sse sse2 ss ht tm pbe nx pdpe1gb rdtscp lm constant_tsc arch_perfmon pebs bts xtopology nonstop_tsc aperfmperf eagerfpu pni pclmulqdq dtes64 monitor ds_cpl vmx est tm2 ssse3 fma cx16 xtpr pdcm pcid sse4_1 sse4_2 movbe popcnt tsc_deadline_timer aes xsave avx f16c rdrand lahf_lm abm ida arat epb xsaveopt pln pts dtherm tpr_shadow vnmi flexpriority ept vpid fsgsbase tsc_adjust bmi1 avx2 smep bmi2 erms invpcid
bogomips	: 4589.27
clflush size	: 64
cache_alignment	: 64
address sizes	: 39 bits physical, 48 bits virtual
power management:

processor	: 3
vendor_id	: GenuineIntel
cpu family	: 6
model		: 69
model name	: Intel(R) Core(TM) i5-4200U CPU @ 1.60GHz
stepping	: 1
microcode	: 0x16
cpu MHz		: 1200.000
cache size	: 3072 KB
physical id	: 0
siblings	: 4
core id		: 1
cpu cores	: 2
apicid		: 3
initial apicid	: 3
fdiv_bug	: no
f00f_bug	: no
coma_bug	: no
fpu		: yes
fpu_exception	: yes
cpuid level	: 13
wp		: yes
flags		: fpu vme de pse tsc msr pae mce cx8 apic sep mtrr pge mca cmov pat pse36 clflush dts acpi mmx fxsr sse sse2 ss ht tm pbe nx pdpe1gb rdtscp lm constant_tsc arch_perfmon pebs bts xtopology nonstop_tsc aperfmperf eagerfpu pni pclmulqdq dtes64 monitor ds_cpl vmx est tm2 ssse3 fma cx16 xtpr pdcm pcid sse4_1 sse4_2 movbe popcnt tsc_deadline_timer aes xsave avx f16c rdrand lahf_lm abm ida arat epb xsaveopt pln pts dtherm tpr_shadow vnmi flexpriority ept vpid fsgsbase tsc_adjust bmi1 avx2 smep bmi2 erms invpcid
bogomips	: 4589.27
clflush size	: 64
cache_alignment	: 64
address sizes	: 39 bits physical, 48 bits virtual
power management:



Memory: 4k page, physical 3894584k(934412k free), swap 0k(0k free)

vm_info: Java HotSpot(TM) Server VM (25.66-b17) for linux-x86 JRE (1.8.0_66-b17), built on Oct  6 2015 18:06:03 by "java_re" with gcc 4.3.0 20080428 (Red Hat 4.3.0-8)

time: Mon Feb  8 12:41:35 2016
elapsed time: 64 seconds (0d 0h 1m 4s)

